# JRE version: Java(TM) SE Runtime Environment (16.0.1+9) (build 16.0.1+9-24)
# Java VM: Java HotSpot(TM) 64-Bit Server VM (16.0.1+9-24, mixed mode, sharing, tiered, compressed oops, compressed class ptrs, g1 gc, windows-amd64)
GC Precious Log:
 CPUs: 12 total, 12 available
 Memory: 32509M
 Large Page Support: Disabled
 NUMA Support: Disabled
 Compressed Oops: Enabled (Zero based)
 Heap Region Size: 4M
 Heap Min Capacity: 8M
 Heap Initial Capacity: 508M
 Heap Max Capacity: 8128M
 Pre-touch: Disabled
 Parallel Workers: 10
 Concurrent Workers: 3
 Concurrent Refinement Workers: 10
 Periodic GC: Disabled
Heap:
 garbage-first heap   total 122880K, used 57955K [0x0000000604000000, 0x0000000800000000)
  region size 4096K, 2 young (8192K), 1 survivors (4096K)
 Metaspace       used 61259K, committed 61760K, reserved 1105920K
  class space    used 7526K, committed 7744K, reserved 1048576K
GC Heap History (20 events):
Event: 23.091 GC heap before
{Heap before GC invocations=23 (full 0):
 garbage-first heap   total 122880K, used 97366K [0x0000000604000000, 0x0000000800000000)
  region size 4096K, 16 young (65536K), 1 survivors (4096K)
 Metaspace       used 52607K, committed 53056K, reserved 1097728K
  class space    used 6441K, committed 6656K, reserved 1048576K
}
Event: 23.093 GC heap after
{Heap after GC invocations=24 (full 0):
 garbage-first heap   total 122880K, used 35951K [0x0000000604000000, 0x0000000800000000)
  region size 4096K, 1 young (4096K), 1 survivors (4096K)
 Metaspace       used 52607K, committed 53056K, reserved 1097728K
  class space    used 6441K, committed 6656K, reserved 1048576K
}
Event: 23.240 GC heap before
{Heap before GC invocations=24 (full 0):
 garbage-first heap   total 122880K, used 97391K [0x0000000604000000, 0x0000000800000000)
  region size 4096K, 16 young (65536K), 1 survivors (4096K)
 Metaspace       used 52607K, committed 53056K, reserved 1097728K
  class space    used 6441K, committed 6656K, reserved 1048576K
}
Event: 23.242 GC heap after
{Heap after GC invocations=25 (full 0):
 garbage-first heap   total 122880K, used 35949K [0x0000000604000000, 0x0000000800000000)
  region size 4096K, 1 young (4096K), 1 survivors (4096K)
 Metaspace       used 52607K, committed 53056K, reserved 1097728K
  class space    used 6441K, committed 6656K, reserved 1048576K
}
Event: 23.425 GC heap before
{Heap before GC invocations=25 (full 0):
 garbage-first heap   total 122880K, used 97389K [0x0000000604000000, 0x0000000800000000)
  region size 4096K, 16 young (65536K), 1 survivors (4096K)
 Metaspace       used 52607K, committed 53056K, reserved 1097728K
  class space    used 6441K, committed 6656K, reserved 1048576K
}
Event: 23.426 GC heap after
{Heap after GC invocations=26 (full 0):
 garbage-first heap   total 122880K, used 35922K [0x0000000604000000, 0x0000000800000000)
  region size 4096K, 1 young (4096K), 1 survivors (4096K)
 Metaspace       used 52607K, committed 53056K, reserved 1097728K
  class space    used 6441K, committed 6656K, reserved 1048576K
}
Event: 23.573 GC heap before
{Heap before GC invocations=26 (full 0):
 garbage-first heap   total 122880K, used 97362K [0x0000000604000000, 0x0000000800000000)
  region size 4096K, 16 young (65536K), 1 survivors (4096K)
 Metaspace       used 52607K, committed 53056K, reserved 1097728K
  class space    used 6441K, committed 6656K, reserved 1048576K
}
Event: 23.575 GC heap after
{Heap after GC invocations=27 (full 0):
 garbage-first heap   total 122880K, used 35948K [0x0000000604000000, 0x0000000800000000)
  region size 4096K, 1 young (4096K), 1 survivors (4096K)
 Metaspace       used 52607K, committed 53056K, reserved 1097728K
  class space    used 6441K, committed 6656K, reserved 1048576K
}
Event: 23.733 GC heap before
{Heap before GC invocations=27 (full 0):
 garbage-first heap   total 122880K, used 97388K [0x0000000604000000, 0x0000000800000000)
  region size 4096K, 16 young (65536K), 1 survivors (4096K)
 Metaspace       used 52607K, committed 53056K, reserved 1097728K
  class space    used 6441K, committed 6656K, reserved 1048576K
}
Event: 23.734 GC heap after
{Heap after GC invocations=28 (full 0):
 garbage-first heap   total 122880K, used 35954K [0x0000000604000000, 0x0000000800000000)
  region size 4096K, 1 young (4096K), 1 survivors (4096K)
 Metaspace       used 52607K, committed 53056K, reserved 1097728K
  class space    used 6441K, committed 6656K, reserved 1048576K
}
Event: 24.159 GC heap before
{Heap before GC invocations=28 (full 0):
 garbage-first heap   total 122880K, used 97394K [0x0000000604000000, 0x0000000800000000)
  region size 4096K, 16 young (65536K), 1 survivors (4096K)
 Metaspace       used 53997K, committed 54528K, reserved 1097728K
  class space    used 6655K, committed 6912K, reserved 1048576K
}
Event: 24.161 GC heap after
{Heap after GC invocations=29 (full 0):
 garbage-first heap   total 122880K, used 36186K [0x0000000604000000, 0x0000000800000000)
  region size 4096K, 1 young (4096K), 1 survivors (4096K)
 Metaspace       used 53997K, committed 54528K, reserved 1097728K
  class space    used 6655K, committed 6912K, reserved 1048576K
}
Event: 24.678 GC heap before
{Heap before GC invocations=29 (full 0):
 garbage-first heap   total 122880K, used 97626K [0x0000000604000000, 0x0000000800000000)
  region size 4096K, 16 young (65536K), 1 survivors (4096K)
 Metaspace       used 54924K, committed 55424K, reserved 1097728K
  class space    used 6751K, committed 6976K, reserved 1048576K
}
Event: 24.679 GC heap after
{Heap after GC invocations=30 (full 0):
 garbage-first heap   total 122880K, used 36326K [0x0000000604000000, 0x0000000800000000)
  region size 4096K, 1 young (4096K), 1 survivors (4096K)
 Metaspace       used 54924K, committed 55424K, reserved 1097728K
  class space    used 6751K, committed 6976K, reserved 1048576K
}
Event: 25.171 GC heap before
{Heap before GC invocations=30 (full 0):
 garbage-first heap   total 122880K, used 97766K [0x0000000604000000, 0x0000000800000000)
  region size 4096K, 16 young (65536K), 1 survivors (4096K)
 Metaspace       used 55726K, committed 56192K, reserved 1105920K
  class space    used 6891K, committed 7104K, reserved 1048576K
}
Event: 25.173 GC heap after
{Heap after GC invocations=31 (full 0):
 garbage-first heap   total 122880K, used 36584K [0x0000000604000000, 0x0000000800000000)
  region size 4096K, 1 young (4096K), 1 survivors (4096K)
 Metaspace       used 55726K, committed 56192K, reserved 1105920K
  class space    used 6891K, committed 7104K, reserved 1048576K
}
Event: 25.449 GC heap before
{Heap before GC invocations=31 (full 0):
 garbage-first heap   total 122880K, used 52968K [0x0000000604000000, 0x0000000800000000)
  region size 4096K, 6 young (24576K), 1 survivors (4096K)
 Metaspace       used 59080K, committed 59520K, reserved 1105920K
  class space    used 7283K, committed 7488K, reserved 1048576K
}
Event: 25.450 GC heap after
{Heap after GC invocations=32 (full 0):
 garbage-first heap   total 122880K, used 37148K [0x0000000604000000, 0x0000000800000000)
  region size 4096K, 1 young (4096K), 1 survivors (4096K)
 Metaspace       used 59080K, committed 59520K, reserved 1105920K
  class space    used 7283K, committed 7488K, reserved 1048576K
}
Event: 26.440 GC heap before
{Heap before GC invocations=33 (full 0):
 garbage-first heap   total 122880K, used 65820K [0x0000000604000000, 0x0000000800000000)
  region size 4096K, 6 young (24576K), 1 survivors (4096K)
 Metaspace       used 61145K, committed 61632K, reserved 1105920K
  class space    used 7519K, committed 7744K, reserved 1048576K
}
Event: 26.443 GC heap after
{Heap after GC invocations=34 (full 0):
 garbage-first heap   total 122880K, used 49749K [0x0000000604000000, 0x0000000800000000)
  region size 4096K, 1 young (4096K), 1 survivors (4096K)
 Metaspace       used 61145K, committed 61632K, reserved 1105920K
  class space    used 7519K, committed 7744K, reserved 1048576K
}

