# JRE version: Java(TM) SE Runtime Environment (16.0.1+9) (build 16.0.1+9-24)
# Java VM: Java HotSpot(TM) 64-Bit Server VM (16.0.1+9-24, mixed mode, sharing, tiered, compressed oops, compressed class ptrs, g1 gc, windows-amd64)
GC Precious Log:
 CPUs: 12 total, 12 available
 Memory: 32509M
 Large Page Support: Disabled
 NUMA Support: Disabled
 Compressed Oops: Enabled (Zero based)
 Heap Region Size: 4M
 Heap Min Capacity: 8M
 Heap Initial Capacity: 508M
 Heap Max Capacity: 8128M
 Pre-touch: Disabled
 Parallel Workers: 10
 Concurrent Workers: 3
 Concurrent Refinement Workers: 10
 Periodic GC: Disabled
Heap:
 garbage-first heap   total 131072K, used 67206K [0x0000000604000000, 0x0000000800000000)
  region size 4096K, 2 young (8192K), 1 survivors (4096K)
 Metaspace       used 61315K, committed 61760K, reserved 1105920K
  class space    used 7554K, committed 7744K, reserved 1048576K
GC Heap History (20 events):
Event: 61.359 GC heap before
{Heap before GC invocations=28 (full 0):
 garbage-first heap   total 122880K, used 98505K [0x0000000604000000, 0x0000000800000000)
  region size 4096K, 16 young (65536K), 1 survivors (4096K)
 Metaspace       used 52957K, committed 53440K, reserved 1097728K
  class space    used 6490K, committed 6720K, reserved 1048576K
}
Event: 61.361 GC heap after
{Heap after GC invocations=29 (full 0):
 garbage-first heap   total 122880K, used 37058K [0x0000000604000000, 0x0000000800000000)
  region size 4096K, 1 young (4096K), 1 survivors (4096K)
 Metaspace       used 52957K, committed 53440K, reserved 1097728K
  class space    used 6490K, committed 6720K, reserved 1048576K
}
Event: 61.742 GC heap before
{Heap before GC invocations=29 (full 0):
 garbage-first heap   total 122880K, used 98498K [0x0000000604000000, 0x0000000800000000)
  region size 4096K, 16 young (65536K), 1 survivors (4096K)
 Metaspace       used 52957K, committed 53440K, reserved 1097728K
  class space    used 6490K, committed 6720K, reserved 1048576K
}
Event: 61.744 GC heap after
{Heap after GC invocations=30 (full 0):
 garbage-first heap   total 122880K, used 37048K [0x0000000604000000, 0x0000000800000000)
  region size 4096K, 1 young (4096K), 1 survivors (4096K)
 Metaspace       used 52957K, committed 53440K, reserved 1097728K
  class space    used 6490K, committed 6720K, reserved 1048576K
}
Event: 62.123 GC heap before
{Heap before GC invocations=30 (full 0):
 garbage-first heap   total 122880K, used 98488K [0x0000000604000000, 0x0000000800000000)
  region size 4096K, 16 young (65536K), 1 survivors (4096K)
 Metaspace       used 52957K, committed 53440K, reserved 1097728K
  class space    used 6490K, committed 6720K, reserved 1048576K
}
Event: 62.125 GC heap after
{Heap after GC invocations=31 (full 0):
 garbage-first heap   total 122880K, used 37027K [0x0000000604000000, 0x0000000800000000)
  region size 4096K, 1 young (4096K), 1 survivors (4096K)
 Metaspace       used 52957K, committed 53440K, reserved 1097728K
  class space    used 6490K, committed 6720K, reserved 1048576K
}
Event: 62.563 GC heap before
{Heap before GC invocations=31 (full 0):
 garbage-first heap   total 122880K, used 98467K [0x0000000604000000, 0x0000000800000000)
  region size 4096K, 16 young (65536K), 1 survivors (4096K)
 Metaspace       used 52957K, committed 53440K, reserved 1097728K
  class space    used 6490K, committed 6720K, reserved 1048576K
}
Event: 62.565 GC heap after
{Heap after GC invocations=32 (full 0):
 garbage-first heap   total 122880K, used 37086K [0x0000000604000000, 0x0000000800000000)
  region size 4096K, 1 young (4096K), 1 survivors (4096K)
 Metaspace       used 52957K, committed 53440K, reserved 1097728K
  class space    used 6490K, committed 6720K, reserved 1048576K
}
Event: 63.725 GC heap before
{Heap before GC invocations=32 (full 0):
 garbage-first heap   total 122880K, used 98526K [0x0000000604000000, 0x0000000800000000)
  region size 4096K, 16 young (65536K), 1 survivors (4096K)
 Metaspace       used 54337K, committed 54784K, reserved 1097728K
  class space    used 6704K, committed 6912K, reserved 1048576K
}
Event: 63.727 GC heap after
{Heap after GC invocations=33 (full 0):
 garbage-first heap   total 122880K, used 37284K [0x0000000604000000, 0x0000000800000000)
  region size 4096K, 1 young (4096K), 1 survivors (4096K)
 Metaspace       used 54337K, committed 54784K, reserved 1097728K
  class space    used 6704K, committed 6912K, reserved 1048576K
}
Event: 65.362 GC heap before
{Heap before GC invocations=33 (full 0):
 garbage-first heap   total 122880K, used 98724K [0x0000000604000000, 0x0000000800000000)
  region size 4096K, 16 young (65536K), 1 survivors (4096K)
 Metaspace       used 55263K, committed 55744K, reserved 1105920K
  class space    used 6800K, committed 7040K, reserved 1048576K
}
Event: 65.364 GC heap after
{Heap after GC invocations=34 (full 0):
 garbage-first heap   total 122880K, used 37437K [0x0000000604000000, 0x0000000800000000)
  region size 4096K, 1 young (4096K), 1 survivors (4096K)
 Metaspace       used 55263K, committed 55744K, reserved 1105920K
  class space    used 6800K, committed 7040K, reserved 1048576K
}
Event: 66.634 GC heap before
{Heap before GC invocations=34 (full 0):
 garbage-first heap   total 122880K, used 98877K [0x0000000604000000, 0x0000000800000000)
  region size 4096K, 16 young (65536K), 1 survivors (4096K)
 Metaspace       used 55972K, committed 56448K, reserved 1105920K
  class space    used 6922K, committed 7168K, reserved 1048576K
}
Event: 66.636 GC heap after
{Heap after GC invocations=35 (full 0):
 garbage-first heap   total 122880K, used 37649K [0x0000000604000000, 0x0000000800000000)
  region size 4096K, 1 young (4096K), 1 survivors (4096K)
 Metaspace       used 55972K, committed 56448K, reserved 1105920K
  class space    used 6922K, committed 7168K, reserved 1048576K
}
Event: 67.354 GC heap before
{Heap before GC invocations=35 (full 0):
 garbage-first heap   total 122880K, used 58129K [0x0000000604000000, 0x0000000800000000)
  region size 4096K, 7 young (28672K), 1 survivors (4096K)
 Metaspace       used 58996K, committed 59456K, reserved 1105920K
  class space    used 7267K, committed 7488K, reserved 1048576K
}
Event: 67.356 GC heap after
{Heap after GC invocations=36 (full 0):
 garbage-first heap   total 122880K, used 38159K [0x0000000604000000, 0x0000000800000000)
  region size 4096K, 1 young (4096K), 1 survivors (4096K)
 Metaspace       used 58996K, committed 59456K, reserved 1105920K
  class space    used 7267K, committed 7488K, reserved 1048576K
}
Event: 69.799 GC heap before
{Heap before GC invocations=37 (full 0):
 garbage-first heap   total 122880K, used 66831K [0x0000000604000000, 0x0000000800000000)
  region size 4096K, 5 young (20480K), 1 survivors (4096K)
 Metaspace       used 61238K, committed 61696K, reserved 1105920K
  class space    used 7550K, committed 7744K, reserved 1048576K
}
Event: 69.802 GC heap after
{Heap after GC invocations=38 (full 0):
 garbage-first heap   total 122880K, used 54871K [0x0000000604000000, 0x0000000800000000)
  region size 4096K, 1 young (4096K), 1 survivors (4096K)
 Metaspace       used 61238K, committed 61696K, reserved 1105920K
  class space    used 7550K, committed 7744K, reserved 1048576K
}
Event: 69.850 GC heap before
{Heap before GC invocations=39 (full 0):
 garbage-first heap   total 122880K, used 63063K [0x0000000604000000, 0x0000000800000000)
  region size 4096K, 2 young (8192K), 1 survivors (4096K)
 Metaspace       used 61303K, committed 61760K, reserved 1105920K
  class space    used 7553K, committed 7744K, reserved 1048576K
}
Event: 69.852 GC heap after
{Heap after GC invocations=40 (full 0):
 garbage-first heap   total 122880K, used 63110K [0x0000000604000000, 0x0000000800000000)
  region size 4096K, 1 young (4096K), 1 survivors (4096K)
 Metaspace       used 61303K, committed 61760K, reserved 1105920K
  class space    used 7553K, committed 7744K, reserved 1048576K
}

